# JRE version: OpenJDK Runtime Environment (17.0.11) (build 17.0.11+0--11852314)
# Java VM: OpenJDK 64-Bit Server VM (17.0.11+0--11852314, mixed mode, tiered, compressed oops, compressed class ptrs, g1 gc, windows-amd64)
GC Precious Log:
 CPUs: 6 total, 6 available
 Memory: 16296M
 Large Page Support: Disabled
 NUMA Support: Disabled
 Compressed Oops: Enabled (32-bit)
 Heap Region Size: 1M
 Heap Min Capacity: 8M
 Heap Initial Capacity: 256M
 Heap Max Capacity: 2G
 Pre-touch: Disabled
 Parallel Workers: 6
 Concurrent Workers: 2
 Concurrent Refinement Workers: 6
 Periodic GC: Disabled
Heap:
 garbage-first heap   total 527360K, used 268687K [0x0000000080000000, 0x0000000100000000)
  region size 1024K, 21 young (21504K), 3 survivors (3072K)
 Metaspace       used 199589K, committed 201024K, reserved 1245184K
  class space    used 25027K, committed 25728K, reserved 1048576K
GC Heap History (20 events):
Event: 2925.078 GC heap after
{Heap after GC invocations=114 (full 0):
 garbage-first heap   total 527360K, used 271052K [0x0000000080000000, 0x0000000100000000)
  region size 1024K, 3 young (3072K), 3 survivors (3072K)
 Metaspace       used 190709K, committed 192448K, reserved 1245184K
  class space    used 24039K, committed 24896K, reserved 1048576K
}
Event: 2925.988 GC heap before
{Heap before GC invocations=115 (full 0):
 garbage-first heap   total 527360K, used 397004K [0x0000000080000000, 0x0000000100000000)
  region size 1024K, 139 young (142336K), 3 survivors (3072K)
 Metaspace       used 191412K, committed 192832K, reserved 1245184K
  class space    used 24043K, committed 24896K, reserved 1048576K
}
Event: 2925.998 GC heap after
{Heap after GC invocations=116 (full 0):
 garbage-first heap   total 527360K, used 266941K [0x0000000080000000, 0x0000000100000000)
  region size 1024K, 18 young (18432K), 18 survivors (18432K)
 Metaspace       used 191412K, committed 192832K, reserved 1245184K
  class space    used 24043K, committed 24896K, reserved 1048576K
}
Event: 2926.037 GC heap before
{Heap before GC invocations=116 (full 0):
 garbage-first heap   total 527360K, used 273085K [0x0000000080000000, 0x0000000100000000)
  region size 1024K, 25 young (25600K), 18 survivors (18432K)
 Metaspace       used 191431K, committed 192832K, reserved 1245184K
  class space    used 24043K, committed 24896K, reserved 1048576K
}
Event: 2926.051 GC heap after
{Heap after GC invocations=117 (full 0):
 garbage-first heap   total 527360K, used 242247K [0x0000000080000000, 0x0000000100000000)
  region size 1024K, 3 young (3072K), 3 survivors (3072K)
 Metaspace       used 191431K, committed 192832K, reserved 1245184K
  class space    used 24043K, committed 24896K, reserved 1048576K
}
Event: 3028.001 GC heap before
{Heap before GC invocations=117 (full 0):
 garbage-first heap   total 527360K, used 400967K [0x0000000080000000, 0x0000000100000000)
  region size 1024K, 159 young (162816K), 3 survivors (3072K)
 Metaspace       used 191949K, committed 193344K, reserved 1245184K
  class space    used 24096K, committed 24896K, reserved 1048576K
}
Event: 3028.005 GC heap after
{Heap after GC invocations=118 (full 0):
 garbage-first heap   total 527360K, used 244550K [0x0000000080000000, 0x0000000100000000)
  region size 1024K, 5 young (5120K), 5 survivors (5120K)
 Metaspace       used 191949K, committed 193344K, reserved 1245184K
  class space    used 24096K, committed 24896K, reserved 1048576K
}
Event: 3028.175 GC heap before
{Heap before GC invocations=118 (full 0):
 garbage-first heap   total 527360K, used 264006K [0x0000000080000000, 0x0000000100000000)
  region size 1024K, 25 young (25600K), 5 survivors (5120K)
 Metaspace       used 192002K, committed 193408K, reserved 1245184K
  class space    used 24096K, committed 24896K, reserved 1048576K
}
Event: 3028.181 GC heap after
{Heap after GC invocations=119 (full 0):
 garbage-first heap   total 527360K, used 246861K [0x0000000080000000, 0x0000000100000000)
  region size 1024K, 7 young (7168K), 7 survivors (7168K)
 Metaspace       used 192002K, committed 193408K, reserved 1245184K
  class space    used 24096K, committed 24896K, reserved 1048576K
}
Event: 3028.899 GC heap before
{Heap before GC invocations=120 (full 0):
 garbage-first heap   total 527360K, used 430967K [0x0000000080000000, 0x0000000100000000)
  region size 1024K, 178 young (182272K), 7 survivors (7168K)
 Metaspace       used 192161K, committed 193600K, reserved 1245184K
  class space    used 24099K, committed 24896K, reserved 1048576K
}
Event: 3028.916 GC heap after
{Heap after GC invocations=121 (full 0):
 garbage-first heap   total 527360K, used 272574K [0x0000000080000000, 0x0000000100000000)
  region size 1024K, 23 young (23552K), 23 survivors (23552K)
 Metaspace       used 192161K, committed 193600K, reserved 1245184K
  class space    used 24099K, committed 24896K, reserved 1048576K
}
Event: 3028.918 GC heap before
{Heap before GC invocations=121 (full 0):
 garbage-first heap   total 527360K, used 274622K [0x0000000080000000, 0x0000000100000000)
  region size 1024K, 25 young (25600K), 23 survivors (23552K)
 Metaspace       used 192161K, committed 193600K, reserved 1245184K
  class space    used 24099K, committed 24896K, reserved 1048576K
}
Event: 3028.935 GC heap after
{Heap after GC invocations=122 (full 0):
 garbage-first heap   total 527360K, used 244254K [0x0000000080000000, 0x0000000100000000)
  region size 1024K, 3 young (3072K), 3 survivors (3072K)
 Metaspace       used 192161K, committed 193600K, reserved 1245184K
  class space    used 24099K, committed 24896K, reserved 1048576K
}
Event: 3035.207 GC heap before
{Heap before GC invocations=122 (full 0):
 garbage-first heap   total 527360K, used 414238K [0x0000000080000000, 0x0000000100000000)
  region size 1024K, 170 young (174080K), 3 survivors (3072K)
 Metaspace       used 192827K, committed 194240K, reserved 1245184K
  class space    used 24116K, committed 24896K, reserved 1048576K
}
Event: 3035.220 GC heap after
{Heap after GC invocations=123 (full 0):
 garbage-first heap   total 527360K, used 255193K [0x0000000080000000, 0x0000000100000000)
  region size 1024K, 21 young (21504K), 21 survivors (21504K)
 Metaspace       used 192827K, committed 194240K, reserved 1245184K
  class space    used 24116K, committed 24896K, reserved 1048576K
}
Event: 6023.219 GC heap before
{Heap before GC invocations=123 (full 0):
 garbage-first heap   total 527360K, used 416985K [0x0000000080000000, 0x0000000100000000)
  region size 1024K, 180 young (184320K), 21 survivors (21504K)
 Metaspace       used 193556K, committed 195072K, reserved 1245184K
  class space    used 24248K, committed 25024K, reserved 1048576K
}
Event: 6023.259 GC heap after
{Heap after GC invocations=124 (full 0):
 garbage-first heap   total 527360K, used 267663K [0x0000000080000000, 0x0000000100000000)
  region size 1024K, 13 young (13312K), 13 survivors (13312K)
 Metaspace       used 193556K, committed 195072K, reserved 1245184K
  class space    used 24248K, committed 25024K, reserved 1048576K
}
Event: 6963.719 GC heap before
{Heap before GC invocations=124 (full 0):
 garbage-first heap   total 527360K, used 423311K [0x0000000080000000, 0x0000000100000000)
  region size 1024K, 166 young (169984K), 13 survivors (13312K)
 Metaspace       used 196960K, committed 198528K, reserved 1245184K
  class space    used 24807K, committed 25600K, reserved 1048576K
}
Event: 6963.729 GC heap after
{Heap after GC invocations=125 (full 0):
 garbage-first heap   total 527360K, used 268175K [0x0000000080000000, 0x0000000100000000)
  region size 1024K, 13 young (13312K), 13 survivors (13312K)
 Metaspace       used 196960K, committed 198528K, reserved 1245184K
  class space    used 24807K, committed 25600K, reserved 1048576K
}
Event: 6967.398 GC heap before
{Heap before GC invocations=126 (full 0):
 garbage-first heap   total 527360K, used 447375K [0x0000000080000000, 0x0000000100000000)
  region size 1024K, 168 young (172032K), 13 survivors (13312K)
 Metaspace       used 199119K, committed 200640K, reserved 1245184K
  class space    used 24980K, committed 25728K, reserved 1048576K
}

